<?xml version="1.0" encoding="UTF-8"?>
<!-- Generated by org.testng.reporters.JUnitReportReporter -->
<testsuite hostname="KARIM-MSI" failures="0" tests="1" name="testcases.HomePageTest" time="0.043" errors="0" timestamp="2023-03-10T11:14:43 CET" skipped="0">
  <testcase classname="testcases.HomePageTest" name="clickOnMyProductsLink" time="0.043"/>
  <system-out/>
</testsuite> <!-- testcases.HomePageTest -->
