<?xml version="1.0" encoding="UTF-8"?>
<!-- Generated by org.testng.reporters.JUnitReportReporter -->
<testsuite hostname="KARIM-MSI" failures="0" tests="1" name="testcases.JumiaTest" time="6.752" errors="0" timestamp="2023-03-10T15:39:21 CET" skipped="0">
  <testcase classname="testcases.JumiaTest" name="FunctionalTestingJumia" time="6.752"/>
  <system-out/>
</testsuite> <!-- testcases.JumiaTest -->
